<?xml version="1.0" encoding="UTF-8"?>
<!-- Generated by org.testng.reporters.JUnitReportReporter -->
<testsuite hostname="DESKTOP-2CK62EB" failures="0" tests="1" name="TestRunner" time="7.093" errors="0" timestamp="2021-10-28T00:01:01 EDT" skipped="0">
  <testcase classname="TestRunner" name="runScenario" time="7.093"/>
  <system-out/>
</testsuite> <!-- TestRunner -->
