<?xml version="1.0" encoding="UTF-8"?>
<!-- Generated by org.testng.reporters.JUnitReportReporter -->
<testsuite hostname="DESKTOP-2CK62EB" failures="0" tests="3" name="TestRunner" time="41.215" errors="0" timestamp="2021-11-12T01:38:08 EST" skipped="0">
  <testcase classname="TestRunner" name="runScenario" time="13.465"/>
  <system-out/>
  <testcase classname="TestRunner" name="runScenario" time="14.416"/>
  <system-out/>
  <testcase classname="TestRunner" name="runScenario" time="13.334"/>
  <system-out/>
</testsuite> <!-- TestRunner -->
